TN:
SF:app\+not-found.tsx
FN:7,NotFoundScreen
FNF:1
FNH:1
FNDA:3,NotFoundScreen
DA:8,3
DA:21,1
LF:2
LH:2
BRF:0
BRH:0
end_of_record
TN:
SF:app\index.tsx
FN:8,App
FN:13,(anonymous_1)
FN:14,(anonymous_2)
FN:24,(anonymous_3)
FNF:4
FNH:3
FNDA:7,App
FNDA:4,(anonymous_1)
FNDA:3,(anonymous_2)
FNDA:0,(anonymous_3)
DA:9,7
DA:10,7
DA:11,7
DA:13,7
DA:14,4
DA:15,3
DA:16,3
DA:17,3
DA:18,1
DA:20,2
DA:24,4
DA:25,0
DA:27,0
DA:28,0
DA:29,0
DA:30,0
DA:36,7
DA:37,4
DA:43,3
DA:44,1
DA:50,2
LF:21
LH:16
BRDA:17,0,0,1
BRDA:17,0,1,2
BRDA:27,1,0,0
BRDA:27,1,1,0
BRDA:27,2,0,0
BRDA:27,2,1,0
BRDA:29,3,0,0
BRDA:29,3,1,0
BRDA:36,4,0,4
BRDA:36,4,1,3
BRDA:43,5,0,1
BRDA:43,5,1,2
BRDA:43,6,0,3
BRDA:43,6,1,1
BRF:14
BRH:8
end_of_record
TN:
SF:app\sign-in.tsx
FN:21,SignInScreen
FN:26,(anonymous_1)
FN:36,(anonymous_2)
FN:57,(anonymous_3)
FN:95,(anonymous_4)
FN:133,(anonymous_5)
FN:133,(anonymous_6)
FN:168,(anonymous_7)
FN:179,(anonymous_8)
FNF:9
FNH:6
FNDA:38,SignInScreen
FNDA:15,(anonymous_1)
FNDA:7,(anonymous_2)
FNDA:2,(anonymous_3)
FNDA:0,(anonymous_4)
FNDA:0,(anonymous_5)
FNDA:0,(anonymous_6)
FNDA:1,(anonymous_7)
FNDA:15,(anonymous_8)
DA:22,38
DA:23,38
DA:24,38
DA:25,38
DA:26,15
DA:29,38
DA:31,38
DA:32,38
DA:33,38
DA:34,38
DA:36,38
DA:37,7
DA:38,3
DA:39,3
DA:41,4
DA:42,4
DA:43,4
DA:47,4
DA:48,1
DA:50,3
DA:53,4
DA:57,38
DA:58,2
DA:59,1
DA:63,1
DA:66,1
DA:67,1
DA:68,1
DA:72,1
DA:73,0
DA:75,1
DA:81,0
DA:83,1
DA:87,38
DA:95,0
DA:133,0
DA:168,1
DA:179,1
DA:180,15
LF:39
LH:35
BRDA:24,0,0,0
BRDA:24,0,1,38
BRDA:37,1,0,3
BRDA:37,1,1,4
BRDA:37,2,0,7
BRDA:37,2,1,5
BRDA:47,3,0,1
BRDA:47,3,1,3
BRDA:58,4,0,1
BRDA:58,4,1,1
BRDA:72,5,0,0
BRDA:72,5,1,1
BRDA:90,6,0,38
BRDA:90,6,1,0
BRDA:137,7,0,0
BRDA:137,7,1,38
BRDA:158,8,0,5
BRDA:158,8,1,33
BRDA:228,9,0,0
BRDA:228,9,1,15
BRF:20
BRH:15
end_of_record
TN:
SF:app\sign-up.tsx
FN:22,SignUpScreen
FN:27,(anonymous_1)
FN:38,(anonymous_2)
FN:91,(anonymous_3)
FN:129,(anonymous_4)
FN:129,(anonymous_5)
FN:168,(anonymous_6)
FN:180,(anonymous_7)
FNF:8
FNH:5
FNDA:45,SignUpScreen
FNDA:14,(anonymous_1)
FNDA:7,(anonymous_2)
FNDA:0,(anonymous_3)
FNDA:0,(anonymous_4)
FNDA:0,(anonymous_5)
FNDA:1,(anonymous_6)
FNDA:14,(anonymous_7)
DA:23,45
DA:24,45
DA:25,45
DA:26,45
DA:27,14
DA:30,45
DA:32,45
DA:33,45
DA:34,45
DA:35,45
DA:36,45
DA:38,45
DA:39,7
DA:40,1
DA:41,1
DA:43,6
DA:44,1
DA:45,1
DA:47,5
DA:48,5
DA:52,5
DA:59,5
DA:60,1
DA:62,4
DA:63,3
DA:67,3
DA:69,1
DA:73,5
DA:77,45
DA:91,0
DA:129,0
DA:168,1
DA:180,1
DA:181,14
LF:34
LH:32
BRDA:25,0,0,0
BRDA:25,0,1,45
BRDA:39,1,0,1
BRDA:39,1,1,6
BRDA:39,2,0,7
BRDA:39,2,1,6
BRDA:43,3,0,1
BRDA:43,3,1,5
BRDA:59,4,0,1
BRDA:59,4,1,4
BRDA:62,5,0,3
BRDA:62,5,1,1
BRDA:80,6,0,45
BRDA:80,6,1,0
BRDA:133,7,0,0
BRDA:133,7,1,45
BRDA:158,8,0,5
BRDA:158,8,1,40
BRDA:219,9,0,0
BRDA:219,9,1,14
BRF:20
BRH:16
end_of_record
TN:
SF:app\welcome.tsx
FN:15,WelcomeScreen
FN:18,(anonymous_1)
FN:45,(anonymous_2)
FN:58,(anonymous_3)
FN:107,(anonymous_4)
FNF:5
FNH:5
FNDA:5,WelcomeScreen
FNDA:5,(anonymous_1)
FNDA:1,(anonymous_2)
FNDA:1,(anonymous_3)
FNDA:5,(anonymous_4)
DA:16,5
DA:17,5
DA:18,5
DA:19,5
DA:21,5
DA:45,1
DA:58,1
DA:107,1
DA:108,5
DA:109,5
DA:111,5
LF:11
LH:11
BRDA:120,0,0,0
BRDA:120,0,1,5
BRDA:124,1,0,0
BRDA:124,1,1,5
BRDA:127,2,0,0
BRDA:127,2,1,5
BRDA:131,3,0,0
BRDA:131,3,1,5
BRDA:133,4,0,0
BRDA:133,4,1,5
BRDA:138,5,0,0
BRDA:138,5,1,5
BRDA:140,6,0,0
BRDA:140,6,1,5
BRDA:144,7,0,0
BRDA:144,7,1,5
BRDA:146,8,0,0
BRDA:146,8,1,5
BRDA:152,9,0,0
BRDA:152,9,1,5
BRDA:156,10,0,0
BRDA:156,10,1,5
BRDA:171,11,0,0
BRDA:171,11,1,5
BRDA:175,12,0,0
BRDA:175,12,1,5
BRDA:184,13,0,0
BRDA:184,13,1,5
BRDA:189,14,0,0
BRDA:189,14,1,5
BRDA:198,15,0,0
BRDA:198,15,1,5
BRDA:199,16,0,0
BRDA:199,16,1,5
BRDA:200,17,0,0
BRDA:200,17,1,5
BRDA:203,18,0,0
BRDA:203,18,1,5
BRDA:207,19,0,0
BRDA:207,19,1,5
BRF:40
BRH:20
end_of_record
TN:
SF:app\(tabs)\_layout.tsx
FN:11,TabLayout
FN:34,(anonymous_1)
FN:43,(anonymous_2)
FNF:3
FNH:0
FNDA:0,TabLayout
FNDA:0,(anonymous_1)
FNDA:0,(anonymous_2)
DA:12,0
DA:14,0
DA:35,0
DA:44,0
LF:4
LH:0
BRDA:17,0,0,0
BRDA:17,0,1,0
BRF:2
BRH:0
end_of_record
TN:
SF:app\(tabs)\explore.tsx
FN:9,TabTwoScreen
FNF:1
FNH:0
FNDA:0,TabTwoScreen
DA:10,0
DA:117,0
LF:2
LH:0
BRF:0
BRH:0
end_of_record
TN:
SF:app\(tabs)\index.tsx
FN:8,App
FN:13,(anonymous_1)
FN:14,(anonymous_2)
FN:24,(anonymous_3)
FNF:4
FNH:3
FNDA:7,App
FNDA:4,(anonymous_1)
FNDA:3,(anonymous_2)
FNDA:0,(anonymous_3)
DA:9,7
DA:10,7
DA:11,7
DA:13,7
DA:14,4
DA:15,3
DA:16,3
DA:17,3
DA:18,2
DA:20,1
DA:24,4
DA:25,0
DA:27,0
DA:28,0
DA:29,0
DA:30,0
DA:35,7
DA:36,4
DA:42,3
DA:43,1
DA:49,2
LF:21
LH:16
BRDA:17,0,0,2
BRDA:17,0,1,1
BRDA:27,1,0,0
BRDA:27,1,1,0
BRDA:27,2,0,0
BRDA:27,2,1,0
BRDA:29,3,0,0
BRDA:29,3,1,0
BRDA:35,4,0,4
BRDA:35,4,1,3
BRDA:42,5,0,1
BRDA:42,5,1,2
BRDA:42,6,0,3
BRDA:42,6,1,1
BRF:14
BRH:8
end_of_record
TN:
SF:components\Auth.tsx
FN:3,Auth
FNF:1
FNH:1
FNDA:2,Auth
DA:4,2
LF:1
LH:1
BRF:0
BRH:0
end_of_record
TN:
SF:components\Collapsible.tsx
FN:10,Collapsible
FN:21,(anonymous_1)
FN:21,(anonymous_2)
FNF:3
FNH:3
FNDA:6,Collapsible
FNDA:2,(anonymous_1)
FNDA:2,(anonymous_2)
DA:14,6
DA:15,6
DA:17,6
DA:21,2
DA:39,1
LF:5
LH:5
BRDA:15,0,0,6
BRDA:15,0,1,0
BRDA:28,1,0,5
BRDA:28,1,1,1
BRDA:29,2,0,2
BRDA:29,2,1,4
BRDA:34,3,0,6
BRDA:34,3,1,2
BRF:8
BRH:7
end_of_record
TN:
SF:components\ThemedText.tsx
FN:11,ThemedText
FNF:1
FNH:1
FNDA:58,ThemedText
DA:18,58
DA:20,58
DA:36,5
LF:3
LH:3
BRDA:15,0,0,41
BRDA:24,1,0,41
BRDA:24,1,1,17
BRDA:25,2,0,5
BRDA:25,2,1,53
BRDA:26,3,0,7
BRDA:26,3,1,51
BRDA:27,4,0,1
BRDA:27,4,1,57
BRDA:28,5,0,4
BRDA:28,5,1,54
BRF:11
BRH:11
end_of_record
TN:
SF:components\ThemedView.tsx
FN:10,ThemedView
FNF:1
FNH:1
FNDA:29,ThemedView
DA:16,29
DA:21,29
LF:2
LH:2
BRF:0
BRH:0
end_of_record
TN:
SF:components\formStyles.ts
FN:26,(anonymous_0)
FN:107,(anonymous_1)
FN:116,(anonymous_2)
FNF:3
FNH:3
FNDA:4,(anonymous_0)
FNDA:4,(anonymous_1)
FNDA:2,(anonymous_2)
DA:26,4
DA:107,1
DA:111,4
DA:116,1
DA:117,2
DA:119,1
LF:6
LH:6
BRDA:113,0,0,4
BRDA:113,0,1,3
BRF:2
BRH:2
end_of_record
TN:
SF:components\Home\FilterBar.tsx
FN:23,(anonymous_0)
FN:32,(anonymous_1)
FN:46,(anonymous_2)
FN:70,(anonymous_3)
FNF:4
FNH:3
FNDA:6,(anonymous_0)
FNDA:30,(anonymous_1)
FNDA:1,(anonymous_2)
FNDA:0,(anonymous_3)
DA:23,1
DA:32,6
DA:38,30
DA:46,1
DA:60,6
DA:70,0
DA:102,1
DA:137,1
LF:8
LH:7
BRDA:30,0,0,0
BRDA:42,1,0,30
BRDA:42,1,1,6
BRDA:53,2,0,12
BRDA:53,2,1,18
BRDA:53,3,0,30
BRDA:53,3,1,24
BRDA:54,4,0,6
BRDA:54,4,1,24
BRDA:68,5,0,1
BRDA:68,5,1,5
BRF:11
BRH:10
end_of_record
TN:
SF:hooks\useColorScheme.web.ts
FN:7,useColorScheme
FN:10,(anonymous_1)
FNF:2
FNH:2
FNDA:10,useColorScheme
FNDA:5,(anonymous_1)
DA:8,10
DA:10,10
DA:11,5
DA:14,10
DA:16,10
DA:17,5
DA:20,5
LF:7
LH:7
BRDA:16,0,0,5
BRDA:16,0,1,5
BRF:2
BRH:2
end_of_record
TN:
SF:hooks\useThemeColor.ts
FN:9,useThemeColor
FNF:1
FNH:1
FNDA:67,useThemeColor
DA:13,67
DA:14,67
DA:16,67
DA:17,10
DA:19,57
LF:5
LH:5
BRDA:13,0,0,67
BRDA:13,0,1,2
BRDA:16,1,0,10
BRDA:16,1,1,57
BRF:4
BRH:4
end_of_record
TN:
SF:lib\uiTheme.ts
FN:9,resolveTheme
FNF:1
FNH:1
FNDA:92,resolveTheme
DA:6,4
DA:7,4
DA:12,92
LF:3
LH:3
BRDA:12,0,0,1
BRDA:12,0,1,91
BRF:2
BRH:2
end_of_record
TN:
SF:services\eventService.ts
FN:18,locationToPoint
FN:31,submitEvent
FNF:2
FNH:2
FNDA:4,locationToPoint
FNDA:2,submitEvent
DA:4,1
DA:5,1
DA:6,1
DA:19,4
DA:20,4
DA:21,2
DA:23,2
DA:24,2
DA:25,2
DA:26,0
DA:28,2
DA:32,2
DA:34,2
DA:35,2
DA:36,0
DA:40,2
DA:51,2
DA:52,0
DA:53,0
DA:56,2
DA:57,0
DA:60,2
DA:63,2
DA:64,2
DA:65,2
DA:66,2
DA:70,2
DA:76,2
DA:77,0
DA:78,0
DA:81,2
DA:83,0
DA:84,0
LF:33
LH:24
BRDA:4,0,0,1
BRDA:4,0,1,1
BRDA:5,1,0,1
BRDA:5,1,1,1
BRDA:20,2,0,2
BRDA:20,2,1,2
BRDA:25,3,0,0
BRDA:25,3,1,2
BRDA:25,4,0,2
BRDA:25,4,1,2
BRDA:35,5,0,0
BRDA:35,5,1,2
BRDA:51,6,0,0
BRDA:51,6,1,2
BRDA:56,7,0,0
BRDA:56,7,1,2
BRDA:56,8,0,2
BRDA:56,8,1,2
BRDA:64,9,0,2
BRDA:64,9,1,0
BRDA:76,10,0,0
BRDA:76,10,1,2
BRF:22
BRH:16
end_of_record
TN:
SF:services\hazardService.ts
FN:17,locationToPoint
FN:31,submitHazard
FNF:2
FNH:2
FNDA:4,locationToPoint
FNDA:2,submitHazard
DA:4,1
DA:5,1
DA:6,1
DA:19,4
DA:20,4
DA:21,2
DA:23,2
DA:24,2
DA:25,2
DA:26,0
DA:28,2
DA:32,2
DA:34,2
DA:35,2
DA:36,0
DA:40,2
DA:51,2
DA:52,0
DA:53,0
DA:56,2
DA:57,0
DA:60,2
DA:63,2
DA:68,2
DA:69,0
DA:70,0
DA:73,2
DA:75,0
DA:76,0
LF:29
LH:20
BRDA:4,0,0,1
BRDA:4,0,1,1
BRDA:5,1,0,1
BRDA:5,1,1,1
BRDA:20,2,0,2
BRDA:20,2,1,2
BRDA:25,3,0,0
BRDA:25,3,1,2
BRDA:25,4,0,2
BRDA:25,4,1,2
BRDA:35,5,0,0
BRDA:35,5,1,2
BRDA:51,6,0,0
BRDA:51,6,1,2
BRDA:56,7,0,0
BRDA:56,7,1,2
BRDA:56,8,0,2
BRDA:56,8,1,2
BRDA:68,9,0,0
BRDA:68,9,1,2
BRF:20
BRH:15
end_of_record
TN:
SF:services\imageService.ts
FN:3,uploadImage
FNF:1
FNH:1
FNDA:11,uploadImage
DA:4,11
DA:7,11
DA:8,10
DA:9,10
DA:12,10
DA:13,10
DA:14,10
DA:15,10
DA:16,10
DA:19,10
DA:25,10
DA:26,1
DA:27,1
DA:33,9
DA:35,9
DA:37,1
DA:38,1
LF:17
LH:17
BRDA:22,0,0,6
BRDA:22,0,1,4
BRDA:25,1,0,1
BRDA:25,1,1,9
BRF:4
BRH:4
end_of_record
TN:
SF:services\lostAndFoundService.ts
FN:26,locationToPoint
FN:40,submitLostItem
FN:90,submitFoundItem
FNF:3
FNH:3
FNDA:8,locationToPoint
FNDA:2,submitLostItem
FNDA:2,submitFoundItem
DA:4,1
DA:5,1
DA:6,1
DA:28,8
DA:29,8
DA:30,4
DA:32,4
DA:33,4
DA:34,4
DA:35,0
DA:37,4
DA:41,2
DA:43,2
DA:44,2
DA:45,0
DA:49,2
DA:60,2
DA:61,0
DA:62,0
DA:65,2
DA:66,0
DA:69,2
DA:72,2
DA:78,2
DA:79,0
DA:80,0
DA:83,2
DA:85,0
DA:86,0
DA:91,2
DA:93,2
DA:94,2
DA:95,0
DA:98,2
DA:109,2
DA:110,0
DA:111,0
DA:114,2
DA:115,0
DA:118,2
DA:121,2
DA:127,2
DA:128,0
DA:129,0
DA:132,2
DA:134,0
DA:135,0
LF:47
LH:30
BRDA:4,0,0,1
BRDA:4,0,1,1
BRDA:5,1,0,1
BRDA:5,1,1,1
BRDA:29,2,0,4
BRDA:29,2,1,4
BRDA:34,3,0,0
BRDA:34,3,1,4
BRDA:34,4,0,4
BRDA:34,4,1,4
BRDA:44,5,0,0
BRDA:44,5,1,2
BRDA:60,6,0,0
BRDA:60,6,1,2
BRDA:65,7,0,0
BRDA:65,7,1,2
BRDA:65,8,0,2
BRDA:65,8,1,2
BRDA:78,9,0,0
BRDA:78,9,1,2
BRDA:94,10,0,0
BRDA:94,10,1,2
BRDA:109,11,0,0
BRDA:109,11,1,2
BRDA:114,12,0,0
BRDA:114,12,1,2
BRDA:114,13,0,2
BRDA:114,13,1,2
BRDA:127,14,0,0
BRDA:127,14,1,2
BRF:30
BRH:21
end_of_record
TN:
SF:utils\distance.ts
FN:5,getDistanceKm
FN:21,deg2rad
FN:25,kmToMiles
FN:29,milesToKm
FN:33,formatDistance
FN:53,getFormattedDistance
FNF:6
FNH:6
FNDA:13,getDistanceKm
FNDA:52,deg2rad
FNDA:18,kmToMiles
FNDA:6,milesToKm
FNDA:23,formatDistance
FNDA:7,getFormattedDistance
DA:11,13
DA:12,13
DA:13,13
DA:15,13
DA:17,13
DA:18,13
DA:22,52
DA:26,18
DA:30,6
DA:37,23
DA:38,11
DA:39,11
DA:40,11
DA:43,12
DA:46,12
DA:60,7
DA:61,7
LF:17
LH:17
BRDA:37,0,0,11
BRDA:37,0,1,12
BRDA:39,1,0,7
BRDA:39,1,1,4
BRDA:43,2,0,5
BRDA:43,2,1,7
BRF:6
BRH:6
end_of_record
